[2025-12-03 17:41:16] [INFO] [record-heuristic] [corr:00000395-149c] user=Evede correlation_id=00000395-149c Script started
[2025-12-03 17:41:17] [INFO] [record-heuristic] Starting pre-flight checks
[2025-12-03 17:41:17] [INFO] [record-heuristic] [corr:00000395-149c] user=Evede correlation_id=00000395-149c Script started
[2025-12-03 17:41:17] [INFO] [record-heuristic] Pre-flight checks passed
[2025-12-03 17:41:17] [INFO] [record-heuristic] [corr:00000395-149c] user=Evede correlation_id=00000395-149c Script started
[2025-12-03 17:41:17] [INFO] [record-heuristic] Script started
[2025-12-03 17:41:17] [INFO] [record-heuristic] [corr:00000395-149c] user=Evede correlation_id=00000395-149c Script started
[2025-12-03 17:41:17] [INFO] [record-heuristic] Running in interactive mode
[2025-12-03 18:37:38] [INFO] [record-heuristic] [corr:00000fcc-21d1] user=Evede correlation_id=00000fcc-21d1 Script started
[2025-12-03 18:37:38] [INFO] [record-heuristic] Starting pre-flight checks
[2025-12-03 18:37:38] [INFO] [record-heuristic] [corr:00000fcc-21d1] user=Evede correlation_id=00000fcc-21d1 Script started
[2025-12-03 18:37:38] [INFO] [record-heuristic] Pre-flight checks passed
[2025-12-03 18:37:38] [INFO] [record-heuristic] [corr:00000fcc-21d1] user=Evede correlation_id=00000fcc-21d1 Script started
[2025-12-03 18:37:38] [INFO] [record-heuristic] Script started
[2025-12-03 18:37:38] [INFO] [record-heuristic] [corr:00000fcc-21d1] user=Evede correlation_id=00000fcc-21d1 Script started
[2025-12-03 18:37:38] [INFO] [record-heuristic] Running in interactive mode
[2025-12-03 18:50:35] [INFO] [record-heuristic] [corr:00000fcc-21d1] user=Evede correlation_id=00000fcc-21d1 Script started
[2025-12-03 18:50:35] [INFO] [record-heuristic] [corr:00000395-149c] user=Evede correlation_id=00000395-149c Script started
[2025-12-03 18:50:35] [ERROR] [record-heuristic] Script failed at line 237
[2025-12-03 18:50:35] [ERROR] [record-heuristic] Script failed at line 237
[2025-12-03 22:29:34] [INFO] [record-heuristic] [corr:000007bb-0a0e] user=Evede correlation_id=000007bb-0a0e Script started
[2025-12-03 22:29:34] [INFO] [record-heuristic] Starting pre-flight checks
[2025-12-03 22:29:34] [INFO] [record-heuristic] [corr:000007bb-0a0e] user=Evede correlation_id=000007bb-0a0e Script started
[2025-12-03 22:29:34] [INFO] [record-heuristic] Pre-flight checks passed
[2025-12-03 22:29:34] [INFO] [record-heuristic] [corr:000007bb-0a0e] user=Evede correlation_id=000007bb-0a0e Script started
[2025-12-03 22:29:34] [INFO] [record-heuristic] Script started
[2025-12-03 22:29:34] [INFO] [record-heuristic] [corr:000007bb-0a0e] user=Evede correlation_id=000007bb-0a0e Script started
[2025-12-03 22:29:35] [INFO] [record-heuristic] Running in interactive mode
[2025-12-03 22:32:03] [INFO] [record-heuristic] [corr:000007bb-0a0e] user=Evede correlation_id=000007bb-0a0e Script started
[2025-12-03 22:32:03] [ERROR] [record-heuristic] Script failed at line 237
